[http-nio-8081-exec-1] INFO  com.example.demo.controller.FirstController  - this is index page
[http-nio-8081-exec-2] INFO  com.example.demo.controller.FirstController  - all hotels
[http-nio-8081-exec-6] INFO  com.example.demo.controller.FirstController  - all hotels
[http-nio-8081-exec-1] INFO  com.example.demo.controller.FirstController  - all hotels
[http-nio-8081-exec-2] INFO  com.example.demo.controller.FirstController  - all hotels
[http-nio-8081-exec-3] INFO  com.example.demo.controller.FirstController  - all hotels
[http-nio-8081-exec-1] INFO  com.example.demo.controller.FirstController  - this is index page
[http-nio-8081-exec-4] INFO  com.example.demo.controller.FirstController  - all hotels
[http-nio-8081-exec-7] INFO  com.example.demo.controller.SecondController  - Search hotel by name
[http-nio-8081-exec-7] INFO  com.example.demo.controller.SecondController  - Hotel 1
[http-nio-8081-exec-10] INFO  com.example.demo.controller.FirstController  - all hotels
[http-nio-8081-exec-3] INFO  com.example.demo.controller.FirstController  - this is index page
[http-nio-8081-exec-4] INFO  com.example.demo.controller.FirstController  - all hotels
[http-nio-8081-exec-9] INFO  com.example.demo.controller.SecondController  - Search hotel by name
[http-nio-8081-exec-9] INFO  com.example.demo.controller.SecondController  - Hotel 1
[http-nio-8081-exec-1] INFO  com.example.demo.controller.FirstController  - all hotels
[http-nio-8081-exec-5] INFO  com.example.demo.controller.FirstController  - this is index page
[http-nio-8081-exec-5] INFO  com.example.demo.controller.FirstController  - this is index page
[http-nio-8081-exec-1] INFO  com.example.demo.controller.FirstController  - this is index page
[http-nio-8081-exec-8] INFO  com.example.demo.controller.FirstController  - this is index page
[http-nio-8081-exec-9] INFO  com.example.demo.controller.FirstController  - this is index page
[http-nio-8081-exec-10] INFO  com.example.demo.controller.FirstController  - this is index page
[http-nio-8081-exec-1] INFO  com.example.demo.controller.FirstController  - this is index page
[http-nio-8081-exec-2] INFO  com.example.demo.controller.FirstController  - all hotels
[http-nio-8081-exec-2] INFO  com.example.demo.controller.FirstController  - Login page
[http-nio-8081-exec-4] INFO  com.example.demo.controller.FirstController  - Login page
[http-nio-8081-exec-5] INFO  com.example.demo.controller.FirstController  - Login page
[http-nio-8081-exec-6] INFO  com.example.demo.controller.FirstController  - Login page
[http-nio-8081-exec-9] INFO  com.example.demo.controller.FirstController  - Login page
[http-nio-8081-exec-2] INFO  com.example.demo.controller.FirstController  - Login page
[http-nio-8081-exec-3] INFO  com.example.demo.controller.FirstController  - Login page
[http-nio-8081-exec-4] INFO  com.example.demo.controller.FirstController  - Login page
[http-nio-8081-exec-5] INFO  com.example.demo.controller.FirstController  - Login page
[http-nio-8081-exec-6] INFO  com.example.demo.controller.FirstController  - Login page
[http-nio-8081-exec-1] INFO  com.example.demo.controller.FirstController  - Login page
[http-nio-8081-exec-2] INFO  com.example.demo.controller.FirstController  - Login page
[http-nio-8081-exec-3] INFO  com.example.demo.controller.FirstController  - Login page
[http-nio-8081-exec-5] INFO  com.example.demo.controller.FirstController  - Login page
[http-nio-8081-exec-7] INFO  com.example.demo.controller.FirstController  - Login page
[http-nio-8081-exec-8] INFO  com.example.demo.controller.FirstController  - Login page
[http-nio-8081-exec-9] INFO  com.example.demo.controller.FirstController  - Login page
[http-nio-8081-exec-10] INFO  com.example.demo.controller.FirstController  - Login page
[http-nio-8081-exec-1] INFO  com.example.demo.controller.FirstController  - Login page
[http-nio-8081-exec-2] INFO  com.example.demo.controller.FirstController  - Login page
[http-nio-8081-exec-5] INFO  com.example.demo.controller.FirstController  - Login page
[http-nio-8081-exec-7] INFO  com.example.demo.controller.FirstController  - Login page
[http-nio-8081-exec-9] INFO  com.example.demo.controller.FirstController  - Login page
[http-nio-8081-exec-2] INFO  com.example.demo.controller.FirstController  - Login page
[http-nio-8081-exec-3] INFO  com.example.demo.controller.FirstController  - Login page
[http-nio-8081-exec-4] INFO  com.example.demo.controller.FirstController  - Login page
[http-nio-8081-exec-1] INFO  com.example.demo.controller.FirstController  - Login page
[http-nio-8081-exec-3] INFO  com.example.demo.controller.FirstController  - Login page
[http-nio-8081-exec-5] INFO  com.example.demo.controller.FirstController  - Login page
[http-nio-8081-exec-7] INFO  com.example.demo.controller.FirstController  - Login page
[http-nio-8081-exec-8] INFO  com.example.demo.controller.FirstController  - Login page
[http-nio-8081-exec-9] INFO  com.example.demo.controller.FirstController  - Login page
[http-nio-8081-exec-1] INFO  com.example.demo.controller.FirstController  - Login page
[http-nio-8081-exec-3] INFO  com.example.demo.controller.FirstController  - Login page
[http-nio-8081-exec-5] INFO  com.example.demo.controller.FirstController  - Login page
[http-nio-8081-exec-8] INFO  com.example.demo.controller.FirstController  - Login page
[http-nio-8081-exec-10] INFO  com.example.demo.controller.FirstController  - this is index page
[http-nio-8081-exec-2] INFO  com.example.demo.controller.FirstController  - Login page
[http-nio-8081-exec-6] INFO  com.example.demo.controller.FirstController  - Login page
[http-nio-8081-exec-7] INFO  com.example.demo.controller.FirstController  - Login page
[http-nio-8081-exec-8] INFO  com.example.demo.controller.FirstController  - Login page
[http-nio-8081-exec-9] INFO  com.example.demo.controller.FirstController  - Login page
[http-nio-8081-exec-1] INFO  com.example.demo.controller.FirstController  - Login page
[http-nio-8081-exec-3] INFO  com.example.demo.controller.FirstController  - this is index page
[http-nio-8081-exec-4] INFO  com.example.demo.controller.FirstController  - Login page
[http-nio-8081-exec-5] INFO  com.example.demo.controller.FirstController  - Login page
[http-nio-8081-exec-6] INFO  com.example.demo.controller.FirstController  - Login page
[http-nio-8081-exec-7] INFO  com.example.demo.controller.FirstController  - Login page
[http-nio-8081-exec-9] INFO  com.example.demo.controller.FirstController  - Login page
[http-nio-8081-exec-1] INFO  com.example.demo.controller.FirstController  - Login page
[http-nio-8081-exec-3] INFO  com.example.demo.controller.FirstController  - Login page
[http-nio-8081-exec-5] INFO  com.example.demo.controller.FirstController  - this is index page
[http-nio-8081-exec-2] INFO  com.example.demo.controller.FirstController  - Login page
[http-nio-8081-exec-1] INFO  com.example.demo.controller.FirstController  - Login page
[http-nio-8081-exec-6] INFO  com.example.demo.controller.FirstController  - Login page
[http-nio-8081-exec-8] INFO  com.example.demo.controller.FirstController  - Login page
